{
  "stats": {
    "suites": 2,
    "tests": 3,
    "passes": 1,
    "pending": 1,
    "failures": 1,
    "duration": 3200
  },
  "meta": {
    "mochawesome": {
      "version": "7.1.3"
    }
  },
  "results": [
    {
      "file": "cypress/e2e/checkout.cy.js",
      "suites": [
        {
          "title": "Checkout",
          "tests": [
            {
              "title": "testCreditCardPayment @payments",
              "fullTitle": "Checkout testCreditCardPayment @payments",
              "duration": 1200,
              "state": "failed",
              "fail": true,
              "err": {
                "message": "AssertionError: expected payment confirmation",
                "estack": "AssertionError: expected payment confirmation\n    at cypress/e2e/checkout.cy.js:22:10"
              },
              "uuid": "cc-payment"
            },
            {
              "title": "testPayPalRedirect",
              "fullTitle": "Checkout testPayPalRedirect",
              "duration": 800,
              "state": "passed",
              "pass": true,
              "err": {},
              "uuid": "paypal"
            }
          ],
          "suites": [
            {
              "title": "Coupons",
              "tests": [
                {
                  "title": "testApplyCoupon",
                  "fullTitle": "Checkout Coupons testApplyCoupon",
                  "duration": 0,
                  "state": "pending",
                  "pending": true,
                  "err": {},
                  "uuid": "coupon"
                }
              ]
            }
          ]
        }
      ]
    }
  ]
}
